

Format is "yyyy-MM-dd HH:mm [LEVEL] [ErrorCode] content Id"

2025-01-15 16:13 [WARNING] User creation failed, ID: 5d7b1654-5bbe-4868-8270-c50ece9f3ba9
2025-01-15 16:13 [WARNING] User find failed, ID: 7e354586-92af-43ee-b827-69d6406cf058
2025-01-15 16:13 [WARNING] [INVALID_EMAIL_FORMAT] User update failed, ID: 58a8c95f-4435-4eaf-8668-88ba6ef870e5
2025-01-15 16:13 [WARNING] User update failed, ID: 58a8c95f-4435-4eaf-8668-88ba6ef870e5
2025-01-15 16:13 [WARNING] User deletion failed, ID: 06cbcc62-0e1d-45cb-95b3-0da8b00258e6
2025-01-15 16:13 [WARNING] Message creation failed, ID: 04e0a927-0a8e-4960-918b-a676f27a4b81
2025-01-15 16:13 [WARNING] Message find failed, ID: c02a90ba-6845-462f-9c05-46bfce5eee3a
2025-01-15 16:13 [WARNING] [INVALID_CONTENT_FORMAT] Message update failed, ID: 4a0ffc97-2efb-490b-b457-ebf0e8b9a4c7
2025-01-15 16:13 [WARNING] Message update failed, ID: 4a0ffc97-2efb-490b-b457-ebf0e8b9a4c7
2025-01-15 16:13 [WARNING] Message deletion failed, ID: 455943de-97f1-44ff-9e47-6673f96ecac3
2025-01-15 16:13 [WARNING] Channel creation failed, ID: 93291f9e-0a1c-4fda-bcb0-ca9eec076d8f
2025-01-15 16:13 [WARNING] Channel find failed, ID: 8b184438-344e-4bc1-bffb-5c294c130866
2025-01-15 16:13 [WARNING] [INVALID_NAME_FORMAT] Channel update failed, ID: ff32766e-f079-4585-b96a-b3a6b293421d
2025-01-15 16:13 [WARNING] Channel update failed, ID: ff32766e-f079-4585-b96a-b3a6b293421d
2025-01-15 16:13 [WARNING] Channel deletion failed, ID: 0b313a42-16f3-4fc4-9ece-32a5dbef75bc

Logging ended on 2025-01-15 16:13

Format is "yyyy-MM-dd HH:mm [LEVEL] [ErrorCode] content Id"

2025-01-15 16:15 [WARNING] User creation failed, ID: c15df8cb-f817-4966-8ecd-e9fc2ce26237
2025-01-15 16:15 [WARNING] User find failed, ID: f0c1dfc8-4da4-4d75-93db-60d68cb1b14a
2025-01-15 16:15 [WARNING] [INVALID_EMAIL_FORMAT] User update failed, ID: 29e01c4d-a2bf-4ee1-a58d-bc84ba0a12fc
2025-01-15 16:15 [WARNING] User update failed, ID: 29e01c4d-a2bf-4ee1-a58d-bc84ba0a12fc
2025-01-15 16:15 [WARNING] User deletion failed, ID: 234bcf26-4220-4f60-8643-2da021cb7851
2025-01-15 16:15 [WARNING] Message creation failed, ID: a424cca2-b0ec-4911-83d3-90addf691459
2025-01-15 16:15 [SEVERE] java.io.IOException occurred in com.sprint.mission.discodeit.service.proxy.MessageServiceProxy
2025-01-15 16:15 [SEVERE] java.io.IOException occurred in com.sprint.mission.discodeit.service.proxy.MessageServiceProxy
2025-01-15 16:15 [WARNING] Message find failed, ID: e4b6c661-6886-4920-8e4a-429312c41aa7
2025-01-15 16:15 [WARNING] [INVALID_CONTENT_FORMAT] Message update failed, ID: c94ad0c3-9314-4656-a8f9-00bd27094db9
2025-01-15 16:15 [WARNING] Message update failed, ID: c94ad0c3-9314-4656-a8f9-00bd27094db9
2025-01-15 16:15 [WARNING] Message deletion failed, ID: 58874da4-a5aa-44f9-996b-d13befff86b6
2025-01-15 16:15 [WARNING] Channel creation failed, ID: 4f445420-7b2f-413c-954f-d6a3b6cb8e93
2025-01-15 16:15 [WARNING] Channel find failed, ID: a5130d5e-ada6-49cb-98b8-7255013219d8
2025-01-15 16:15 [WARNING] [INVALID_NAME_FORMAT] Channel update failed, ID: 57441cd6-85f6-4947-819b-816fd35dd7c1
2025-01-15 16:15 [WARNING] Channel update failed, ID: 57441cd6-85f6-4947-819b-816fd35dd7c1
2025-01-15 16:15 [WARNING] Channel deletion failed, ID: 50684f12-7755-4948-b5fe-0ef28d38e02d

Logging ended on 2025-01-15 16:15

Format is "yyyy-MM-dd HH:mm [LEVEL] [ErrorCode] content Id"

2025-01-15 16:16 [WARNING] User creation failed, ID: 9c313740-d4da-41b3-a741-41ae6d8e3c6b
2025-01-15 16:16 [WARNING] User find failed, ID: cb7f6a8f-4e71-4aff-a7db-3f0cbc50ca71
2025-01-15 16:16 [WARNING] [INVALID_EMAIL_FORMAT] User update failed, ID: ae4e9f2b-ce56-42da-9643-e53414a952f8
2025-01-15 16:16 [WARNING] User update failed, ID: ae4e9f2b-ce56-42da-9643-e53414a952f8
2025-01-15 16:16 [WARNING] User deletion failed, ID: beb70a2f-4657-4c01-afab-b31823ade01b
2025-01-15 16:16 [WARNING] Message creation failed, ID: fe2f69bf-b1b6-4d66-9861-1f2207f067bf
2025-01-15 16:16 [SEVERE] java.io.IOException occurred in com.sprint.mission.discodeit.service.proxy.MessageServiceProxy
2025-01-15 16:16 [SEVERE] java.io.IOException occurred in com.sprint.mission.discodeit.service.proxy.MessageServiceProxy
2025-01-15 16:16 [WARNING] Message find failed, ID: dbb154ab-1cdc-426a-a788-edee849e9587
2025-01-15 16:16 [WARNING] [INVALID_CONTENT_FORMAT] Message update failed, ID: 2065de48-d21d-4671-b03f-d77967039388
2025-01-15 16:16 [WARNING] Message update failed, ID: 2065de48-d21d-4671-b03f-d77967039388
2025-01-15 16:16 [WARNING] Message deletion failed, ID: 7ee0b921-454c-43ce-b068-93f68109188b
2025-01-15 16:16 [WARNING] Channel creation failed, ID: d0d95a88-1552-4198-ab9b-29ca0477dd7b
2025-01-15 16:16 [WARNING] Channel find failed, ID: 8caf4395-6ddb-4220-ad7e-db734ec1b760
2025-01-15 16:16 [WARNING] [INVALID_NAME_FORMAT] Channel update failed, ID: 66d659ae-23ea-4ae0-8e88-d97a8340c929
2025-01-15 16:16 [WARNING] Channel update failed, ID: 66d659ae-23ea-4ae0-8e88-d97a8340c929
2025-01-15 16:16 [WARNING] Channel deletion failed, ID: 0bb5d3f9-d6c2-423a-9ac1-811a6247d292

Logging ended on 2025-01-15 16:16